Arguments: 
  /usr/local/bin/node /usr/local/bin/yarn add @types/js-sha256

PATH: 
  /Users/camilotorres/anaconda3/bin:/Users/camilotorres/pground:/Users/camilotorres/.poetry/bin:/Users/camilotorres/go/bin:/Users/camilotorres/anaconda3/bin:/usr/local/bin:/usr/bin:/bin:/usr/sbin:/sbin:/opt/X11/bin:/Library/Frameworks/Mono.framework/Versions/Current/Commands:/Users/camilotorres/anaconda3/bin:/Users/camilotorres/pground:/Users/camilotorres/.poetry/bin:/Users/camilotorres/go/bin:/Users/camilotorres/Library/Android/sdk/emulator:/Users/camilotorres/Library/Android/sdk/tools:/Users/camilotorres/Library/Android/sdk/tools/bin:/Users/camilotorres/Library/Android/sdk/platform-tools:/Users/camilotorres/Library/Android/sdk/emulator:/Users/camilotorres/Library/Android/sdk/tools:/Users/camilotorres/Library/Android/sdk/tools/bin:/Users/camilotorres/Library/Android/sdk/platform-tools

Yarn version: 
  1.16.0

Node version: 
  10.15.3

Platform: 
  darwin x64

Trace: 
  Error: https://registry.yarnpkg.com/@types%2fjs-sha256: Not found
      at Request.params.callback [as _callback] (/usr/local/lib/node_modules/yarn/lib/cli.js:66091:18)
      at Request.self.callback (/usr/local/lib/node_modules/yarn/lib/cli.js:129590:22)
      at Request.emit (events.js:189:13)
      at Request.<anonymous> (/usr/local/lib/node_modules/yarn/lib/cli.js:130562:10)
      at Request.emit (events.js:189:13)
      at IncomingMessage.<anonymous> (/usr/local/lib/node_modules/yarn/lib/cli.js:130484:12)
      at Object.onceWrapper (events.js:277:13)
      at IncomingMessage.emit (events.js:194:15)
      at endReadableNT (_stream_readable.js:1125:12)
      at process._tickCallback (internal/process/next_tick.js:63:19)

npm manifest: 
  {
    "name": "schema-suggestor",
    "version": "1.0.0",
    "main": "index.js",
    "license": "MIT",
    "dependencies": {
      "js-sha256": "^0.9.0"
    }
  }

yarn manifest: 
  No manifest

Lockfile: 
  # THIS IS AN AUTOGENERATED FILE. DO NOT EDIT THIS FILE DIRECTLY.
  # yarn lockfile v1
  
  
  js-sha256@^0.9.0:
    version "0.9.0"
    resolved "https://registry.yarnpkg.com/js-sha256/-/js-sha256-0.9.0.tgz#0b89ac166583e91ef9123644bd3c5334ce9d0966"
    integrity sha512-sga3MHh9sgQN2+pJ9VYZ+1LPwXOxuBJBA5nrR5/ofPfuiJBE2hnjsaN8se8JznOmGLN2p49Pe5U/ttafcs/apA==
